<?xml version="1.0" encoding="UTF-8"?>
<coverage generated="1783127264285" clover="3.2.0">
  <project timestamp="1783127264285" name="All files">
    <metrics statements="44" coveredstatements="44" conditionals="55" coveredconditionals="50" methods="17" coveredmethods="17" elements="116" coveredelements="111" complexity="0" loc="44" ncloc="44" packages="1" files="1" classes="1"/>
    <file name="rules.js" path="C:\Users\andre\Desktop\Nexus RPG\nexus-rpg\src\components\systems\OrdemParanormal\rules.js">
      <metrics statements="44" coveredstatements="44" conditionals="55" coveredconditionals="50" methods="17" coveredmethods="17"/>
      <line num="10" count="1" type="stmt"/>
      <line num="11" count="1" type="stmt"/>
      <line num="20" count="1" type="stmt"/>
      <line num="34" count="1" type="stmt"/>
      <line num="42" count="1" type="stmt"/>
      <line num="49" count="1" type="stmt"/>
      <line num="50" count="28" type="stmt"/>
      <line num="51" count="28" type="stmt"/>
      <line num="64" count="2" type="cond" truecount="2" falsecount="0"/>
      <line num="69" count="2" type="stmt"/>
      <line num="70" count="2" type="cond" truecount="2" falsecount="0"/>
      <line num="76" count="1" type="stmt"/>
      <line num="82" count="1" type="stmt"/>
      <line num="83" count="4" type="cond" truecount="6" falsecount="0"/>
      <line num="86" count="20" type="cond" truecount="2" falsecount="0"/>
      <line num="90" count="7" type="cond" truecount="2" falsecount="0"/>
      <line num="95" count="7" type="cond" truecount="2" falsecount="0"/>
      <line num="100" count="7" type="stmt"/>
      <line num="101" count="7" type="stmt"/>
      <line num="110" count="5" type="stmt"/>
      <line num="121" count="4" type="cond" truecount="1" falsecount="1"/>
      <line num="129" count="2" type="cond" truecount="2" falsecount="0"/>
      <line num="130" count="5" type="stmt"/>
      <line num="131" count="2" type="cond" truecount="2" falsecount="0"/>
      <line num="132" count="2" type="stmt"/>
      <line num="137" count="4" type="stmt"/>
      <line num="138" count="4" type="cond" truecount="2" falsecount="0"/>
      <line num="139" count="3" type="cond" truecount="2" falsecount="0"/>
      <line num="140" count="3" type="stmt"/>
      <line num="141" count="3" type="cond" truecount="2" falsecount="0"/>
      <line num="142" count="33" type="stmt"/>
      <line num="143" count="33" type="stmt"/>
      <line num="144" count="3" type="stmt"/>
      <line num="160" count="1" type="stmt"/>
      <line num="184" count="1" type="stmt"/>
      <line num="191" count="1" type="stmt"/>
      <line num="246" count="1" type="stmt"/>
      <line num="265" count="1" type="stmt"/>
      <line num="347" count="1" type="stmt"/>
      <line num="428" count="1" type="stmt"/>
      <line num="437" count="10" type="cond" truecount="2" falsecount="0"/>
      <line num="438" count="35" type="cond" truecount="2" falsecount="0"/>
      <line num="443" count="3" type="cond" truecount="2" falsecount="0"/>
      <line num="448" count="1" type="stmt"/>
    </file>
  </project>
</coverage>
