{"C:\\Users\\andre\\Desktop\\Nexus RPG\\nexus-rpg\\src\\components\\systems\\OrdemParanormal\\rules.js": {"path":"C:\\Users\\andre\\Desktop\\Nexus RPG\\nexus-rpg\\src\\components\\systems\\OrdemParanormal\\rules.js","statementMap":{"0":{"start":{"line":10,"column":25},"end":{"line":10,"column":60}},"1":{"start":{"line":11,"column":27},"end":{"line":17,"column":1}},"2":{"start":{"line":20,"column":21},"end":{"line":31,"column":1}},"3":{"start":{"line":34,"column":18},"end":{"line":40,"column":1}},"4":{"start":{"line":42,"column":30},"end":{"line":47,"column":1}},"5":{"start":{"line":49,"column":24},"end":{"line":59,"column":2}},"6":{"start":{"line":50,"column":15},"end":{"line":50,"column":39}},"7":{"start":{"line":51,"column":2},"end":{"line":58,"column":4}},"8":{"start":{"line":64,"column":4},"end":{"line":68,"column":56}},"9":{"start":{"line":69,"column":2},"end":{"line":72,"column":5}},"10":{"start":{"line":70,"column":42},"end":{"line":70,"column":64}},"11":{"start":{"line":76,"column":28},"end":{"line":81,"column":1}},"12":{"start":{"line":82,"column":27},"end":{"line":83,"column":86}},"13":{"start":{"line":83,"column":2},"end":{"line":83,"column":86}},"14":{"start":{"line":86,"column":24},"end":{"line":86,"column":66}},"15":{"start":{"line":86,"column":34},"end":{"line":86,"column":65}},"16":{"start":{"line":90,"column":15},"end":{"line":94,"column":66}},"17":{"start":{"line":95,"column":17},"end":{"line":99,"column":64}},"18":{"start":{"line":100,"column":14},"end":{"line":100,"column":30}},"19":{"start":{"line":101,"column":2},"end":{"line":105,"column":4}},"20":{"start":{"line":110,"column":2},"end":{"line":116,"column":4}},"21":{"start":{"line":121,"column":2},"end":{"line":121,"column":62}},"22":{"start":{"line":129,"column":12},"end":{"line":129,"column":39}},"23":{"start":{"line":130,"column":16},"end":{"line":130,"column":83}},"24":{"start":{"line":130,"column":48},"end":{"line":130,"column":82}},"25":{"start":{"line":131,"column":17},"end":{"line":131,"column":72}},"26":{"start":{"line":132,"column":2},"end":{"line":132,"column":88}},"27":{"start":{"line":137,"column":12},"end":{"line":137,"column":80}},"28":{"start":{"line":138,"column":2},"end":{"line":138,"column":22}},"29":{"start":{"line":138,"column":10},"end":{"line":138,"column":22}},"30":{"start":{"line":139,"column":16},"end":{"line":139,"column":55}},"31":{"start":{"line":140,"column":16},"end":{"line":140,"column":34}},"32":{"start":{"line":141,"column":14},"end":{"line":141,"column":43}},"33":{"start":{"line":142,"column":16},"end":{"line":142,"column":90}},"34":{"start":{"line":142,"column":52},"end":{"line":142,"column":89}},"35":{"start":{"line":143,"column":14},"end":{"line":143,"column":52}},"36":{"start":{"line":143,"column":37},"end":{"line":143,"column":42}},"37":{"start":{"line":144,"column":2},"end":{"line":152,"column":4}},"38":{"start":{"line":160,"column":26},"end":{"line":181,"column":1}},"39":{"start":{"line":184,"column":26},"end":{"line":188,"column":1}},"40":{"start":{"line":191,"column":28},"end":{"line":243,"column":1}},"41":{"start":{"line":246,"column":28},"end":{"line":262,"column":1}},"42":{"start":{"line":265,"column":31},"end":{"line":344,"column":1}},"43":{"start":{"line":347,"column":36},"end":{"line":420,"column":1}},"44":{"start":{"line":428,"column":24},"end":{"line":434,"column":1}},"45":{"start":{"line":437,"column":12},"end":{"line":437,"column":27}},"46":{"start":{"line":438,"column":2},"end":{"line":438,"column":81}},"47":{"start":{"line":438,"column":45},"end":{"line":438,"column":64}},"48":{"start":{"line":443,"column":2},"end":{"line":443,"column":35}},"49":{"start":{"line":448,"column":2},"end":{"line":463,"column":4}}},"fnMap":{"0":{"name":"(anonymous_0)","decl":{"start":{"line":49,"column":41},"end":{"line":49,"column":42}},"loc":{"start":{"line":49,"column":48},"end":{"line":59,"column":1}},"line":49},"1":{"name":"defaultTrainedSet","decl":{"start":{"line":62,"column":16},"end":{"line":62,"column":33}},"loc":{"start":{"line":62,"column":50},"end":{"line":73,"column":1}},"line":62},"2":{"name":"(anonymous_2)","decl":{"start":{"line":70,"column":35},"end":{"line":70,"column":36}},"loc":{"start":{"line":70,"column":42},"end":{"line":70,"column":64}},"line":70},"3":{"name":"(anonymous_3)","decl":{"start":{"line":82,"column":27},"end":{"line":82,"column":28}},"loc":{"start":{"line":83,"column":2},"end":{"line":83,"column":86}},"line":83},"4":{"name":"(anonymous_4)","decl":{"start":{"line":86,"column":24},"end":{"line":86,"column":25}},"loc":{"start":{"line":86,"column":34},"end":{"line":86,"column":65}},"line":86},"5":{"name":"nexStats","decl":{"start":{"line":89,"column":16},"end":{"line":89,"column":24}},"loc":{"start":{"line":89,"column":49},"end":{"line":106,"column":1}},"line":89},"6":{"name":"deriveStats","decl":{"start":{"line":109,"column":16},"end":{"line":109,"column":27}},"loc":{"start":{"line":109,"column":40},"end":{"line":117,"column":1}},"line":109},"7":{"name":"dtRituais","decl":{"start":{"line":120,"column":16},"end":{"line":120,"column":25}},"loc":{"start":{"line":120,"column":49},"end":{"line":122,"column":1}},"line":120},"8":{"name":"rollOP","decl":{"start":{"line":128,"column":16},"end":{"line":128,"column":22}},"loc":{"start":{"line":128,"column":32},"end":{"line":133,"column":1}},"line":128},"9":{"name":"(anonymous_9)","decl":{"start":{"line":130,"column":42},"end":{"line":130,"column":43}},"loc":{"start":{"line":130,"column":48},"end":{"line":130,"column":82}},"line":130},"10":{"name":"rollExpr","decl":{"start":{"line":136,"column":16},"end":{"line":136,"column":24}},"loc":{"start":{"line":136,"column":31},"end":{"line":153,"column":1}},"line":136},"11":{"name":"(anonymous_11)","decl":{"start":{"line":142,"column":46},"end":{"line":142,"column":47}},"loc":{"start":{"line":142,"column":52},"end":{"line":142,"column":89}},"line":142},"12":{"name":"(anonymous_12)","decl":{"start":{"line":143,"column":27},"end":{"line":143,"column":28}},"loc":{"start":{"line":143,"column":37},"end":{"line":143,"column":42}},"line":143},"13":{"name":"patenteForPrestigio","decl":{"start":{"line":436,"column":16},"end":{"line":436,"column":35}},"loc":{"start":{"line":436,"column":40},"end":{"line":439,"column":1}},"line":436},"14":{"name":"(anonymous_14)","decl":{"start":{"line":438,"column":38},"end":{"line":438,"column":39}},"loc":{"start":{"line":438,"column":45},"end":{"line":438,"column":64}},"line":438},"15":{"name":"cargaMaxima","decl":{"start":{"line":442,"column":16},"end":{"line":442,"column":27}},"loc":{"start":{"line":442,"column":35},"end":{"line":444,"column":1}},"line":442},"16":{"name":"rollPayload","decl":{"start":{"line":447,"column":16},"end":{"line":447,"column":27}},"loc":{"start":{"line":447,"column":60},"end":{"line":464,"column":1}},"line":447}},"branchMap":{"0":{"loc":{"start":{"line":57,"column":15},"end":{"line":57,"column":42}},"type":"binary-expr","locations":[{"start":{"line":57,"column":15},"end":{"line":57,"column":30}},{"start":{"line":57,"column":34},"end":{"line":57,"column":42}}],"line":57},"1":{"loc":{"start":{"line":64,"column":4},"end":{"line":68,"column":56}},"type":"cond-expr","locations":[{"start":{"line":65,"column":8},"end":{"line":65,"column":67}},{"start":{"line":66,"column":8},"end":{"line":68,"column":56}}],"line":64},"2":{"loc":{"start":{"line":66,"column":8},"end":{"line":68,"column":56}},"type":"cond-expr","locations":[{"start":{"line":67,"column":8},"end":{"line":67,"column":63}},{"start":{"line":68,"column":8},"end":{"line":68,"column":56}}],"line":66},"3":{"loc":{"start":{"line":70,"column":9},"end":{"line":70,"column":29}},"type":"binary-expr","locations":[{"start":{"line":70,"column":9},"end":{"line":70,"column":23}},{"start":{"line":70,"column":27},"end":{"line":70,"column":29}}],"line":70},"4":{"loc":{"start":{"line":83,"column":2},"end":{"line":83,"column":86}},"type":"cond-expr","locations":[{"start":{"line":83,"column":12},"end":{"line":83,"column":26}},{"start":{"line":83,"column":29},"end":{"line":83,"column":86}}],"line":83},"5":{"loc":{"start":{"line":83,"column":29},"end":{"line":83,"column":86}},"type":"cond-expr","locations":[{"start":{"line":83,"column":39},"end":{"line":83,"column":48}},{"start":{"line":83,"column":51},"end":{"line":83,"column":86}}],"line":83},"6":{"loc":{"start":{"line":83,"column":51},"end":{"line":83,"column":86}},"type":"cond-expr","locations":[{"start":{"line":83,"column":60},"end":{"line":83,"column":69}},{"start":{"line":83,"column":72},"end":{"line":83,"column":86}}],"line":83},"7":{"loc":{"start":{"line":86,"column":34},"end":{"line":86,"column":65}},"type":"cond-expr","locations":[{"start":{"line":86,"column":47},"end":{"line":86,"column":49}},{"start":{"line":86,"column":52},"end":{"line":86,"column":65}}],"line":86},"8":{"loc":{"start":{"line":90,"column":15},"end":{"line":94,"column":66}},"type":"binary-expr","locations":[{"start":{"line":90,"column":15},"end":{"line":94,"column":12}},{"start":{"line":94,"column":16},"end":{"line":94,"column":66}}],"line":90},"9":{"loc":{"start":{"line":95,"column":17},"end":{"line":99,"column":64}},"type":"binary-expr","locations":[{"start":{"line":95,"column":17},"end":{"line":99,"column":12}},{"start":{"line":99,"column":16},"end":{"line":99,"column":64}}],"line":95},"10":{"loc":{"start":{"line":120,"column":38},"end":{"line":120,"column":47}},"type":"default-arg","locations":[{"start":{"line":120,"column":46},"end":{"line":120,"column":47}}],"line":120},"11":{"loc":{"start":{"line":121,"column":37},"end":{"line":121,"column":52}},"type":"binary-expr","locations":[{"start":{"line":121,"column":37},"end":{"line":121,"column":47}},{"start":{"line":121,"column":51},"end":{"line":121,"column":52}}],"line":121},"12":{"loc":{"start":{"line":129,"column":12},"end":{"line":129,"column":39}},"type":"cond-expr","locations":[{"start":{"line":129,"column":28},"end":{"line":129,"column":29}},{"start":{"line":129,"column":32},"end":{"line":129,"column":39}}],"line":129},"13":{"loc":{"start":{"line":131,"column":17},"end":{"line":131,"column":72}},"type":"cond-expr","locations":[{"start":{"line":131,"column":33},"end":{"line":131,"column":51}},{"start":{"line":131,"column":54},"end":{"line":131,"column":72}}],"line":131},"14":{"loc":{"start":{"line":138,"column":2},"end":{"line":138,"column":22}},"type":"if","locations":[{"start":{"line":138,"column":2},"end":{"line":138,"column":22}},{"start":{},"end":{}}],"line":138},"15":{"loc":{"start":{"line":139,"column":34},"end":{"line":139,"column":45}},"type":"binary-expr","locations":[{"start":{"line":139,"column":34},"end":{"line":139,"column":38}},{"start":{"line":139,"column":42},"end":{"line":139,"column":45}}],"line":139},"16":{"loc":{"start":{"line":141,"column":14},"end":{"line":141,"column":43}},"type":"cond-expr","locations":[{"start":{"line":141,"column":21},"end":{"line":141,"column":39}},{"start":{"line":141,"column":42},"end":{"line":141,"column":43}}],"line":141},"17":{"loc":{"start":{"line":150,"column":10},"end":{"line":150,"column":44}},"type":"binary-expr","locations":[{"start":{"line":150,"column":10},"end":{"line":150,"column":22}},{"start":{"line":150,"column":26},"end":{"line":150,"column":44}}],"line":150},"18":{"loc":{"start":{"line":437,"column":12},"end":{"line":437,"column":27}},"type":"binary-expr","locations":[{"start":{"line":437,"column":12},"end":{"line":437,"column":22}},{"start":{"line":437,"column":26},"end":{"line":437,"column":27}}],"line":437},"19":{"loc":{"start":{"line":438,"column":9},"end":{"line":438,"column":80}},"type":"binary-expr","locations":[{"start":{"line":438,"column":9},"end":{"line":438,"column":65}},{"start":{"line":438,"column":69},"end":{"line":438,"column":80}}],"line":438},"20":{"loc":{"start":{"line":443,"column":14},"end":{"line":443,"column":29}},"type":"binary-expr","locations":[{"start":{"line":443,"column":14},"end":{"line":443,"column":24}},{"start":{"line":443,"column":28},"end":{"line":443,"column":29}}],"line":443},"21":{"loc":{"start":{"line":451,"column":10},"end":{"line":451,"column":27}},"type":"binary-expr","locations":[{"start":{"line":451,"column":10},"end":{"line":451,"column":18}},{"start":{"line":451,"column":22},"end":{"line":451,"column":27}}],"line":451},"22":{"loc":{"start":{"line":454,"column":10},"end":{"line":454,"column":27}},"type":"binary-expr","locations":[{"start":{"line":454,"column":10},"end":{"line":454,"column":18}},{"start":{"line":454,"column":22},"end":{"line":454,"column":27}}],"line":454},"23":{"loc":{"start":{"line":457,"column":10},"end":{"line":457,"column":26}},"type":"binary-expr","locations":[{"start":{"line":457,"column":10},"end":{"line":457,"column":18}},{"start":{"line":457,"column":22},"end":{"line":457,"column":26}}],"line":457},"24":{"loc":{"start":{"line":458,"column":10},"end":{"line":458,"column":26}},"type":"binary-expr","locations":[{"start":{"line":458,"column":10},"end":{"line":458,"column":18}},{"start":{"line":458,"column":22},"end":{"line":458,"column":26}}],"line":458},"25":{"loc":{"start":{"line":459,"column":15},"end":{"line":459,"column":36}},"type":"binary-expr","locations":[{"start":{"line":459,"column":15},"end":{"line":459,"column":28}},{"start":{"line":459,"column":32},"end":{"line":459,"column":36}}],"line":459},"26":{"loc":{"start":{"line":460,"column":14},"end":{"line":460,"column":34}},"type":"binary-expr","locations":[{"start":{"line":460,"column":14},"end":{"line":460,"column":26}},{"start":{"line":460,"column":30},"end":{"line":460,"column":34}}],"line":460},"27":{"loc":{"start":{"line":461,"column":14},"end":{"line":461,"column":30}},"type":"binary-expr","locations":[{"start":{"line":461,"column":14},"end":{"line":461,"column":22}},{"start":{"line":461,"column":26},"end":{"line":461,"column":30}}],"line":461}},"s":{"0":1,"1":1,"2":1,"3":1,"4":1,"5":1,"6":28,"7":28,"8":2,"9":2,"10":2,"11":1,"12":1,"13":4,"14":1,"15":20,"16":7,"17":7,"18":7,"19":7,"20":5,"21":4,"22":2,"23":2,"24":5,"25":2,"26":2,"27":4,"28":4,"29":1,"30":3,"31":3,"32":3,"33":3,"34":33,"35":3,"36":33,"37":3,"38":1,"39":1,"40":1,"41":1,"42":1,"43":1,"44":1,"45":10,"46":10,"47":35,"48":3,"49":1},"f":{"0":28,"1":2,"2":2,"3":4,"4":20,"5":7,"6":5,"7":4,"8":2,"9":5,"10":4,"11":33,"12":33,"13":10,"14":35,"15":3,"16":1},"b":{"0":[28,0],"1":[1,1],"2":[0,1],"3":[2,1],"4":[1,3],"5":[1,2],"6":[1,1],"7":[4,16],"8":[7,1],"9":[7,1],"10":[3],"11":[4,0],"12":[1,1],"13":[1,1],"14":[1,3],"15":[3,1],"16":[1,2],"17":[3,1],"18":[10,2],"19":[10,1],"20":[3,2],"21":[1,1],"22":[1,0],"23":[1,1],"24":[1,1],"25":[1,1],"26":[1,1],"27":[1,0]},"_coverageSchema":"1a1c01bbd47fc00a2c39e90264f33305004495a9","hash":"8c0ad414acf79bb57fd87f2e42c022619ac03a21"}
}
