TN:
SF:src\components\systems\OrdemParanormal\rules.js
FN:49,(anonymous_0)
FN:62,defaultTrainedSet
FN:70,(anonymous_2)
FN:82,(anonymous_3)
FN:86,(anonymous_4)
FN:89,nexStats
FN:109,deriveStats
FN:120,dtRituais
FN:128,rollOP
FN:130,(anonymous_9)
FN:136,rollExpr
FN:142,(anonymous_11)
FN:143,(anonymous_12)
FN:436,patenteForPrestigio
FN:438,(anonymous_14)
FN:442,cargaMaxima
FN:447,rollPayload
FNF:17
FNH:17
FNDA:28,(anonymous_0)
FNDA:2,defaultTrainedSet
FNDA:2,(anonymous_2)
FNDA:4,(anonymous_3)
FNDA:20,(anonymous_4)
FNDA:7,nexStats
FNDA:5,deriveStats
FNDA:4,dtRituais
FNDA:2,rollOP
FNDA:5,(anonymous_9)
FNDA:4,rollExpr
FNDA:33,(anonymous_11)
FNDA:33,(anonymous_12)
FNDA:10,patenteForPrestigio
FNDA:35,(anonymous_14)
FNDA:3,cargaMaxima
FNDA:1,rollPayload
DA:10,1
DA:11,1
DA:20,1
DA:34,1
DA:42,1
DA:49,1
DA:50,28
DA:51,28
DA:64,2
DA:69,2
DA:70,2
DA:76,1
DA:82,1
DA:83,4
DA:86,20
DA:90,7
DA:95,7
DA:100,7
DA:101,7
DA:110,5
DA:121,4
DA:129,2
DA:130,5
DA:131,2
DA:132,2
DA:137,4
DA:138,4
DA:139,3
DA:140,3
DA:141,3
DA:142,33
DA:143,33
DA:144,3
DA:160,1
DA:184,1
DA:191,1
DA:246,1
DA:265,1
DA:347,1
DA:428,1
DA:437,10
DA:438,35
DA:443,3
DA:448,1
LF:44
LH:44
BRDA:57,0,0,28
BRDA:57,0,1,0
BRDA:64,1,0,1
BRDA:64,1,1,1
BRDA:66,2,0,0
BRDA:66,2,1,1
BRDA:70,3,0,2
BRDA:70,3,1,1
BRDA:83,4,0,1
BRDA:83,4,1,3
BRDA:83,5,0,1
BRDA:83,5,1,2
BRDA:83,6,0,1
BRDA:83,6,1,1
BRDA:86,7,0,4
BRDA:86,7,1,16
BRDA:90,8,0,7
BRDA:90,8,1,1
BRDA:95,9,0,7
BRDA:95,9,1,1
BRDA:120,10,0,3
BRDA:121,11,0,4
BRDA:121,11,1,0
BRDA:129,12,0,1
BRDA:129,12,1,1
BRDA:131,13,0,1
BRDA:131,13,1,1
BRDA:138,14,0,1
BRDA:138,14,1,3
BRDA:139,15,0,3
BRDA:139,15,1,1
BRDA:141,16,0,1
BRDA:141,16,1,2
BRDA:150,17,0,3
BRDA:150,17,1,1
BRDA:437,18,0,10
BRDA:437,18,1,2
BRDA:438,19,0,10
BRDA:438,19,1,1
BRDA:443,20,0,3
BRDA:443,20,1,2
BRDA:451,21,0,1
BRDA:451,21,1,1
BRDA:454,22,0,1
BRDA:454,22,1,0
BRDA:457,23,0,1
BRDA:457,23,1,1
BRDA:458,24,0,1
BRDA:458,24,1,1
BRDA:459,25,0,1
BRDA:459,25,1,1
BRDA:460,26,0,1
BRDA:460,26,1,1
BRDA:461,27,0,1
BRDA:461,27,1,0
BRF:55
BRH:50
end_of_record
